<?xml version="1.0" encoding="UTF-8"?>
<testsuite name="QuantityMeasurementTest" tests="1" skipped="0" failures="0" errors="0" timestamp="2020-01-28T12:40:27" hostname="admin1-HP-EliteBook-Folio-9480m" time="0.007">
  <properties/>
  <testcase name="whenGivenOneYardAndThreeFeet_ShouldReturnTrue" classname="QuantityMeasurementTest" time="0.007"/>
  <system-out><![CDATA[1.0skdjxcsdjmxsdmx1.0
]]></system-out>
  <system-err><![CDATA[]]></system-err>
</testsuite>
