<?xml version="1.0" encoding="UTF-8"?>
<testsuite name="QuantityMeasurementTest" tests="1" skipped="0" failures="0" errors="0" timestamp="2020-01-29T09:51:10" hostname="admin1-HP-EliteBook-Folio-9480m" time="0.008">
  <properties/>
  <testcase name="whenGivenOneGallon_ShouldReturnInLitres" classname="QuantityMeasurementTest" time="0.008"/>
  <system-out><![CDATA[3.785  3.785
]]></system-out>
  <system-err><![CDATA[]]></system-err>
</testsuite>
