<?xml version="1.0" encoding="UTF-8"?>
<testsuite name="QuantityMeasurementTest" tests="24" skipped="0" failures="0" errors="0" timestamp="2020-02-04T08:28:11" hostname="admin1-HP-EliteBook-Folio-9480m" time="0.031">
  <properties/>
  <testcase name="whenGivenOnekgAndThousandGrams_ShouldReturnTrue" classname="QuantityMeasurementTest" time="0.003"/>
  <testcase name="whenGivenFahrenheitAndCelcius_ShouldReturnFalse" classname="QuantityMeasurementTest" time="0.0"/>
  <testcase name="whenGivenThirtySixInchAndOneYard_ShouldReturnTrue" classname="QuantityMeasurementTest" time="0.0"/>
  <testcase name="whenGivenOneTonneAndThousandKilograms_ShouldReturnTrue" classname="QuantityMeasurementTest" time="0.001"/>
  <testcase name="whenGivenFahrenheitAndCelcius_ShouldReturnTrue" classname="QuantityMeasurementTest" time="0.001"/>
  <testcase name="whenGivenFahrenheitAndCelciusWithLength_ShouldReturnFalse" classname="QuantityMeasurementTest" time="0.001"/>
  <testcase name="whenGiven0FeetAnd0Inch_IfComaparisonEqual_shouldReturnTrue" classname="QuantityMeasurementTest" time="0.001"/>
  <testcase name="whenGivenZeroFeetAndZeroInch_ShouldReturnZeroInch" classname="QuantityMeasurementTest" time="0.001"/>
  <testcase name="whenGivenZeroFeet_ShouldReturnTrue" classname="QuantityMeasurementTest" time="0.001"/>
  <testcase name="whenGivenOneGallon_ShouldReturnInTrue" classname="QuantityMeasurementTest" time="0.001"/>
  <testcase name="whenGivenOneLitreAndThousandMililiter_ShouldReturnTrue" classname="QuantityMeasurementTest" time="0.0"/>
  <testcase name="whenGivenOnefeetAndTwelveInch_ShouldReturnTrue" classname="QuantityMeasurementTest" time="0.001"/>
  <testcase name="whenGivenOnefeetAndOneYard_ShouldReturnFalse" classname="QuantityMeasurementTest" time="0.0"/>
  <testcase name="whenGivenInchValue_ShouldReturnFalse" classname="QuantityMeasurementTest" time="0.0"/>
  <testcase name="whenGivenNullInInch_ShouldReturnFalse" classname="QuantityMeasurementTest" time="0.0"/>
  <testcase name="whenGivenFeetValue_ShouldReturnFalse" classname="QuantityMeasurementTest" time="0.001"/>
  <testcase name="whenGivenTwoInchAndFiveCentimeter_ShouldReturnTrue" classname="QuantityMeasurementTest" time="0.0"/>
  <testcase name="whenGivenReference_ShouldReturntrue" classname="QuantityMeasurementTest" time="0.0"/>
  <testcase name="whenGivenOneInchAndOneYard_ShouldReturnFalse" classname="QuantityMeasurementTest" time="0.001"/>
  <testcase name="whenGivenZeroInch_ShouldReturnTrue" classname="QuantityMeasurementTest" time="0.0"/>
  <testcase name="whenGivenOneFeetAndOneInch_ShouldReturnFalseInch" classname="QuantityMeasurementTest" time="0.0"/>
  <testcase name="whenGivenInchObjectReference_ShouldReturntrue" classname="QuantityMeasurementTest" time="0.0"/>
  <testcase name="whenGivenThreefeetAndOneYard_ShouldReturnTrue" classname="QuantityMeasurementTest" time="0.001"/>
  <testcase name="whenGivenNull_ShouldReturnFalse" classname="QuantityMeasurementTest" time="0.001"/>
  <system-out><![CDATA[]]></system-out>
  <system-err><![CDATA[]]></system-err>
</testsuite>
