<?xml version="1.0" encoding="UTF-8"?>
<testsuite name="UnitAdditionTest" tests="1" skipped="0" failures="0" errors="0" timestamp="2020-01-29T05:01:14" hostname="admin1-HP-EliteBook-Folio-9480m" time="0.007">
  <properties/>
  <testcase name="whenGivenTwoInchTwoPointFiveCm_ShouldReturnAdditionInInch" classname="UnitAdditionTest" time="0.007"/>
  <system-out><![CDATA[3.0
]]></system-out>
  <system-err><![CDATA[]]></system-err>
</testsuite>
