<?xml version="1.0" encoding="UTF-8"?>
<testsuite name="UnitAdditionTest" tests="1" skipped="0" failures="0" errors="0" timestamp="2020-01-29T04:44:49" hostname="admin1-HP-EliteBook-Folio-9480m" time="0.003">
  <properties/>
  <testcase name="whenGivenTwoInchValues_ShouldReturnAdditionInInch" classname="UnitAdditionTest" time="0.003"/>
  <system-out><![CDATA[]]></system-out>
  <system-err><![CDATA[]]></system-err>
</testsuite>
